This is pdfTeX, Version 3.14159265-2.6-1.40.18 (TeX Live 2017/Arch Linux) (preloaded format=pdflatex 2017.9.18)  19 SEP 2017 15:57
entering extended mode
 restricted \write18 enabled.
 %&-line parsing enabled.
**main.tex
(./main.tex
LaTeX2e <2017-04-15>
Babel <3.12> and hyphenation patterns for 84 language(s) loaded.
(/usr/share/texmf-dist/tex/latex/msu-thesis/msu-thesis.cls
Document Class: msu-thesis 2017/06/22 Michigan State University Thesis Class ve
rsion 2.7
(/usr/share/texmf-dist/tex/latex/memoir/memoir.cls
Document Class: memoir 2016/05/16 v3.7f configurable book, report, article docu
ment class
\onelineskip=\skip41
\lxvchars=\skip42
\xlvchars=\skip43
\@memcnta=\count79
\c@@memmarkcntra=\count80
(/usr/share/texmf-dist/tex/generic/oberdiek/ifpdf.sty
Package: ifpdf 2017/03/15 v3.2 Provides the ifpdf switch
)
(/usr/share/texmf-dist/tex/latex/ifetex/ifetex.sty
Package: ifetex 2011/12/15 v1.2 ifetex

(/usr/share/texmf-dist/tex/plain/ifetex/ifetex.tex))
(/usr/share/texmf-dist/tex/generic/ifxetex/ifxetex.sty
Package: ifxetex 2010/09/12 v0.6 Provides ifxetex conditional
)
(/usr/share/texmf-dist/tex/generic/oberdiek/ifluatex.sty
Package: ifluatex 2016/05/16 v1.4 Provides the ifluatex switch (HO)
Package ifluatex Info: LuaTeX not detected.
)
\stockheight=\skip44
\stockwidth=\skip45
\trimtop=\skip46
\trimedge=\skip47

(/usr/share/texmf-dist/tex/latex/memoir/mem12.clo
File: mem12.clo 2010/10/19 v0.4b memoir class 12pt size option
)
\binding=\skip48
\spinemargin=\skip49
\foremargin=\skip50
\uppermargin=\skip51
\lowermargin=\skip52
\headdrop=\skip53
\normalrulethickness=\skip54
\mem@maxheadheight=\skip55
\mem@maxfootheight=\skip56
\headwidth=\skip57
\c@storedpagenumber=\count81
\memPD=\dimen102
\m@mabparskip=\skip58
\thanksmarkwidth=\skip59
\thanksmarksep=\skip60
\droptitle=\skip61
\c@book=\count82
\c@part=\count83
\c@chapter=\count84
\c@section=\count85
\c@subsection=\count86
\c@subsubsection=\count87
\c@paragraph=\count88
\c@subparagraph=\count89
\beforechapskip=\skip62
\midchapskip=\skip63
\afterchapskip=\skip64
\chapindent=\skip65
\bottomsectionskip=\skip66
\secindent=\skip67
\beforesecskip=\skip68
\aftersecskip=\skip69
\subsecindent=\skip70
\beforesubsecskip=\skip71
\aftersubsecskip=\skip72
\subsubsecindent=\skip73
\beforesubsubsecskip=\skip74
\aftersubsubsecskip=\skip75
\paraindent=\skip76
\beforeparaskip=\skip77
\afterparaskip=\skip78
\subparaindent=\skip79
\beforesubparaskip=\skip80
\aftersubparaskip=\skip81
\pfbreakskip=\skip82
\c@@ppsavesec=\count90
\c@@ppsaveapp=\count91
\ragrparindent=\dimen103
\everylistparindent=\dimen104
\parsepi=\skip83
\topsepi=\skip84
\itemsepi=\skip85
\parsepii=\skip86
\topsepii=\skip87
\topsepiii=\skip88
\itemsepii=\skip89
\itemsepiii=\skip90
\partopsepii=\skip91
\partopsepiii=\skip92
\m@msavetopsep=\skip93
\m@msavepartopsep=\skip94
\@enLab=\toks14
\abstitleskip=\skip95
\absleftindent=\skip96
\abs@leftindent=\dimen105
\absrightindent=\skip97
\absparindent=\skip98
\absparsep=\skip99
\c@vslineno=\count92
\c@poemline=\count93
\c@modulo@vs=\count94
\c@memfvsline=\count95
\vleftskip=\skip100
\vrightskip=\skip101
\stanzaskip=\skip102
\versewidth=\skip103
\vgap=\skip104
\vindent=\skip105
\vleftmargin=\dimen106
\c@verse=\count96
\c@chrsinstr=\count97
\beforepoemtitleskip=\skip106
\afterpoemtitleskip=\skip107
\c@poem=\count98
\beforePoemTitleskip=\skip108
\midPoemTitleskip=\skip109
\afterPoemTitleskip=\skip110
\col@sep=\dimen107
\extrarowheight=\dimen108
\NC@list=\toks15
\extratabsurround=\skip111
\backup@length=\skip112
\TX@col@width=\dimen109
\TX@old@table=\dimen110
\TX@old@col=\dimen111
\TX@target=\dimen112
\TX@delta=\dimen113
\TX@cols=\count99
\TX@ftn=\toks16
\heavyrulewidth=\dimen114
\lightrulewidth=\dimen115
\cmidrulewidth=\dimen116
\belowrulesep=\dimen117
\belowbottomsep=\dimen118
\aboverulesep=\dimen119
\abovetopsep=\dimen120
\cmidrulesep=\dimen121
\cmidrulekern=\dimen122
\defaultaddspace=\dimen123
\@cmidla=\count100
\@cmidlb=\count101
\@aboverulesep=\dimen124
\@belowrulesep=\dimen125
\@thisruleclass=\count102
\@lastruleclass=\count103
\@thisrulewidth=\dimen126
\ctableftskip=\skip113
\ctabrightskip=\skip114
\abovecolumnspenalty=\count104
\@linestogo=\count105
\@cellstogo=\count106
\@cellsincolumn=\count107
\crtok=\toks17
\@mincolumnwidth=\dimen127
\c@newflo@tctr=\count108
\mem@margin@floatbox=\box26
\@contcwidth=\skip115
\@contindw=\skip116
\abovecaptionskip=\skip117
\belowcaptionskip=\skip118
\subfloattopskip=\skip119
\subfloatcapskip=\skip120
\subfloatcaptopadj=\skip121
\subfloatbottomskip=\skip122
\subfloatlabelskip=\skip123
\subfloatcapmargin=\dimen128
\c@@contsubnum=\count109
\m@mscap@capbox=\box27
\m@mscap@fbox=\box28
\sidecapsep=\dimen129
\sidecapwidth=\dimen130
\m@m@tempdima=\dimen131
\m@mscapraise=\dimen132
\sidecapraise=\dimen133
\m@mscapmainwidth=\dimen134
\m@mscaplkern=\dimen135
\beforeepigraphskip=\skip124
\afterepigraphskip=\skip125
\epigraphwidth=\skip126
\epigraphrule=\skip127
LaTeX Info: Redefining \em on input line 7551.
LaTeX Info: Redefining \emph on input line 7559.
\tocentryskip=\skip128
\tocbaseline=\skip129
\cftparskip=\skip130
\cftbeforebookskip=\skip131
\cftbookindent=\dimen136
\cftbooknumwidth=\dimen137
\cftbeforepartskip=\skip132
\cftpartindent=\skip133
\cftpartnumwidth=\skip134
\cftbeforechapterskip=\skip135
\cftchapterindent=\skip136
\cftchapternumwidth=\skip137
\cftbeforesectionskip=\skip138
\cftsectionindent=\skip139
\cftsectionnumwidth=\skip140
\cftbeforesubsectionskip=\skip141
\cftsubsectionindent=\skip142
\cftsubsectionnumwidth=\skip143
\cftbeforesubsubsectionskip=\skip144
\cftsubsubsectionindent=\skip145
\cftsubsubsectionnumwidth=\skip146
\cftbeforeparagraphskip=\skip147
\cftparagraphindent=\skip148
\cftparagraphnumwidth=\skip149
\cftbeforesubparagraphskip=\skip150
\cftsubparagraphindent=\skip151
\cftsubparagraphnumwidth=\skip152
\prechapterprecisshift=\dimen138
\c@maxsecnumdepth=\count110
\bibindent=\dimen139
\bibitemsep=\skip153
\indexcolsep=\skip154
\indexrule=\skip155
\indexmarkstyle=\toks18
\@indexbox=\insert199
\glossarycolsep=\dimen140
\glossaryrule=\dimen141
\sideparvshift=\skip156
\sideins=\insert198
\sidebartopsep=\skip157
\sidebarhsep=\skip158
\sidebarvsep=\skip159
\sidebarwidth=\skip160
\footmarkwidth=\skip161
\footmarksep=\skip162
\footparindent=\skip163
\footinsdim=\skip164
\footinsv@r=\insert197
\@mpfootinsv@r=\insert196
\m@m@k=\count111
\m@m@h=\dimen142
\m@mipn@skip=\skip165
\sidefootins=\insert195
\sidefootadjust=\skip166
\sidefootheight=\skip167
\sidefoothsep=\skip168
\sidefootvsep=\skip169
\sidefootwidth=\skip170
\m@mdownsf=\skip171
\c@sidefootnote=\count112
\sidefootmarkwidth=\skip172
\sidefootmarksep=\skip173
\sidefootparindent=\skip174
\c@pagenote=\count113
\c@pagenoteshadow=\count114
\mem@pn@lastkern=\skip175
\every@verbatim=\toks19
\afterevery@verbatim=\toks20
\verbatim@line=\toks21
\tab@position=\count115
\verbatim@in@stream=\read1
\verbatimindent=\skip176
\verbatim@out=\write3
\bvboxsep=\skip177
\c@memfbvline=\count116
\c@bvlinectr=\count117
\bvnumlength=\skip178
\fb@frw=\dimen143
\fb@frh=\dimen144
\FrameRule=\dimen145
\FrameSep=\dimen146
\c@cp@cntr=\count118
LaTeX Info: Redefining \: on input line 12068.
LaTeX Info: Redefining \! on input line 12070.
\c@ism@mctr=\count119
\c@xsm@mctr=\count120
\c@csm@mctr=\count121
\c@ksm@mctr=\count122
\c@xksm@mctr=\count123
\c@cksm@mctr=\count124
\c@msm@mctr=\count125
\c@xmsm@mctr=\count126
\c@cmsm@mctr=\count127
\c@bsm@mctr=\count128
\c@workm@mctr=\count129
\c@sheetsequence=\count130
\c@lastsheet=\count131
\c@lastpage=\count132
\c@figure=\count133
\c@lofdepth=\count134
\cftbeforefigureskip=\skip179
\cftfigureindent=\skip180
\cftfigurenumwidth=\skip181
\c@table=\count135
\c@lotdepth=\count136
\cftbeforetableskip=\skip182
\cfttableindent=\skip183
\cfttablenumwidth=\skip184
Package abstract [2008/07/23] emulated by memoir.
Package appendix [2008/07/23] emulated by memoir.
Package array [2008/09/09] emulated by memoir.
Package booktabs [2016/05/16] emulated by memoir.
Package ccaption [2008/07/23] emulated by memoir.
Package changepage [2008/07/23] emulated by memoir.
Package chngcntr [2008/07/23] emulated by memoir.
Package chngpage [2008/07/23] emulated by memoir.
Package crop emulated by memoir.
Package dcolumn [2008/07/23] emulated by memoir.
Package delarray [2008/07/23] emulated by memoir.
Package enumerate [2008/07/23] emulated by memoir.
Package epigraph [2008/07/23] emulated by memoir.
Package ifmtarg [2008/07/23] emulated by memoir.
Package index [2008/07/23] emulated by memoir.
Package makeidx [2008/07/23] emulated by memoir.
Package moreverb [2008/07/23] emulated by memoir.
Package mparhack [2008/07/23] emulated by memoir.
Package needspace [2008/07/23] emulated by memoir.
Package newfile [2008/07/23] emulated by memoir.
Package nextpage [2008/07/23] emulated by memoir.
Package pagenote [2008/07/23] emulated by memoir.
Package parskip [2008/07/23] emulated by memoir.
Package patchcmd [2008/07/23] emulated by memoir.
Package setspace [2008/07/23] emulated by memoir.
Package shortvrb [2008/07/23] emulated by memoir.
Package showidx [2008/07/23] emulated by memoir.
Package tabularx [2008/07/23] emulated by memoir.
Package titleref [2008/07/23] emulated by memoir.
Package titling [2008/07/23] emulated by memoir.
Package tocbibind [2008/07/23] emulated by memoir.
Package tocloft [2008/07/23] emulated by memoir.
Package tocvsec2 [2008/07/23] emulated by memoir.
Package verbatim [2008/07/23] emulated by memoir.
Package verse [2008/07/23] emulated by memoir.

(/usr/share/texmf-dist/tex/latex/memoir/mempatch.sty
Package: mempatch 2009/07/24 v6.0f Patches for memoir class v1.6180339
)))
(/usr/share/texmf-dist/tex/latex/graphics/graphicx.sty
Package: graphicx 2017/06/01 v1.1a Enhanced LaTeX Graphics (DPC,SPQR)

(/usr/share/texmf-dist/tex/latex/graphics/keyval.sty
Package: keyval 2014/10/28 v1.15 key=value parser (DPC)
\KV@toks@=\toks22
)
(/usr/share/texmf-dist/tex/latex/graphics/graphics.sty
Package: graphics 2017/06/25 v1.2c Standard LaTeX Graphics (DPC,SPQR)

(/usr/share/texmf-dist/tex/latex/graphics/trig.sty
Package: trig 2016/01/03 v1.10 sin cos tan (DPC)
)
(/usr/share/texmf-dist/tex/latex/graphics-cfg/graphics.cfg
File: graphics.cfg 2016/06/04 v1.11 sample graphics configuration
)
Package graphics Info: Driver file: pdftex.def on input line 99.

(/usr/share/texmf-dist/tex/latex/graphics-def/pdftex.def
File: pdftex.def 2017/06/24 v1.0g Graphics/color driver for pdftex
))
\Gin@req@height=\dimen147
\Gin@req@width=\dimen148
)
(/usr/share/texmf-dist/tex/latex/hyperref/hyperref.sty
Package: hyperref 2017/03/14 v6.85a Hypertext links for LaTeX

(/usr/share/texmf-dist/tex/generic/oberdiek/hobsub-hyperref.sty
Package: hobsub-hyperref 2016/05/16 v1.14 Bundle oberdiek, subset hyperref (HO)


(/usr/share/texmf-dist/tex/generic/oberdiek/hobsub-generic.sty
Package: hobsub-generic 2016/05/16 v1.14 Bundle oberdiek, subset generic (HO)
Package: hobsub 2016/05/16 v1.14 Construct package bundles (HO)
Package: infwarerr 2016/05/16 v1.4 Providing info/warning/error messages (HO)
Package: ltxcmds 2016/05/16 v1.23 LaTeX kernel commands for general use (HO)
Package hobsub Info: Skipping package `ifluatex' (already loaded).
Package: ifvtex 2016/05/16 v1.6 Detect VTeX and its facilities (HO)
Package ifvtex Info: VTeX not detected.
Package: intcalc 2016/05/16 v1.2 Expandable calculations with integers (HO)
Package hobsub Info: Skipping package `ifpdf' (already loaded).
Package: etexcmds 2016/05/16 v1.6 Avoid name clashes with e-TeX commands (HO)
Package etexcmds Info: Could not find \expanded.
(etexcmds)             That can mean that you are not using pdfTeX 1.50 or
(etexcmds)             that some package has redefined \expanded.
(etexcmds)             In the latter case, load this package earlier.
Package: kvsetkeys 2016/05/16 v1.17 Key value parser (HO)
Package: kvdefinekeys 2016/05/16 v1.4 Define keys (HO)
Package: pdftexcmds 2017/03/19 v0.25 Utility functions of pdfTeX for LuaTeX (HO
)
Package pdftexcmds Info: LuaTeX not detected.
Package pdftexcmds Info: \pdf@primitive is available.
Package pdftexcmds Info: \pdf@ifprimitive is available.
Package pdftexcmds Info: \pdfdraftmode found.
Package: pdfescape 2016/05/16 v1.14 Implements pdfTeX's escape features (HO)
Package: bigintcalc 2016/05/16 v1.4 Expandable calculations on big integers (HO
)
Package: bitset 2016/05/16 v1.2 Handle bit-vector datatype (HO)
Package: uniquecounter 2016/05/16 v1.3 Provide unlimited unique counter (HO)
)
Package hobsub Info: Skipping package `hobsub' (already loaded).
Package: letltxmacro 2016/05/16 v1.5 Let assignment for LaTeX macros (HO)
Package: hopatch 2016/05/16 v1.3 Wrapper for package hooks (HO)
Package: xcolor-patch 2016/05/16 xcolor patch
Package: atveryend 2016/05/16 v1.9 Hooks at the very end of document (HO)
Package atveryend Info: \enddocument detected (standard20110627).
Package: atbegshi 2016/06/09 v1.18 At begin shipout hook (HO)
Package: refcount 2016/05/16 v3.5 Data extraction from label references (HO)
Package: hycolor 2016/05/16 v1.8 Color options for hyperref/bookmark (HO)
)
(/usr/share/texmf-dist/tex/latex/oberdiek/auxhook.sty
Package: auxhook 2016/05/16 v1.4 Hooks for auxiliary files (HO)
)
(/usr/share/texmf-dist/tex/latex/oberdiek/kvoptions.sty
Package: kvoptions 2016/05/16 v3.12 Key value format for package options (HO)
)
\@linkdim=\dimen149
\Hy@linkcounter=\count137
\Hy@pagecounter=\count138

(/usr/share/texmf-dist/tex/latex/hyperref/pd1enc.def
File: pd1enc.def 2017/03/14 v6.85a Hyperref: PDFDocEncoding definition (HO)
)
\Hy@SavedSpaceFactor=\count139

(/usr/share/texmf-dist/tex/latex/latexconfig/hyperref.cfg
File: hyperref.cfg 2002/06/06 v1.2 hyperref configuration of TeXLive
)
Package hyperref Info: Option `colorlinks' set `true' on input line 4374.
Package hyperref Info: Hyper figures OFF on input line 4498.
Package hyperref Info: Link nesting OFF on input line 4503.
Package hyperref Info: Hyper index ON on input line 4506.
Package hyperref Info: Plain pages OFF on input line 4513.
Package hyperref Info: Backreferencing OFF on input line 4518.
Package hyperref Info: Implicit mode ON; LaTeX internals redefined.
Package hyperref Info: Bookmarks ON on input line 4751.
\c@Hy@tempcnt=\count140

(/usr/share/texmf-dist/tex/latex/url/url.sty
\Urlmuskip=\muskip10
Package: url 2013/09/16  ver 3.4  Verb mode for urls, etc.
)
LaTeX Info: Redefining \url on input line 5104.
\XeTeXLinkMargin=\dimen150
\Fld@menulength=\count141
\Field@Width=\dimen151
\Fld@charsize=\dimen152
Package hyperref Info: Hyper figures OFF on input line 6358.
Package hyperref Info: Link nesting OFF on input line 6363.
Package hyperref Info: Hyper index ON on input line 6366.
Package hyperref Info: backreferencing OFF on input line 6373.
Package hyperref Info: Link coloring ON on input line 6376.
Package hyperref Info: Link coloring with OCG OFF on input line 6383.
Package hyperref Info: PDF/A mode OFF on input line 6388.
LaTeX Info: Redefining \ref on input line 6428.
LaTeX Info: Redefining \pageref on input line 6432.
\Hy@abspage=\count142
\c@Item=\count143
\c@Hfootnote=\count144
)
(/usr/share/texmf-dist/tex/latex/memoir/memhfixc.sty
Package: memhfixc 2013/05/30 v1.17 nameref/hyperref package fixes for memoir cl
ass
\c@memhycontfloat=\count145
\c@Hpagenote=\count146
)

Package hyperref Message: Driver (autodetected): hpdftex.

(/usr/share/texmf-dist/tex/latex/hyperref/hpdftex.def
File: hpdftex.def 2017/03/14 v6.85a Hyperref driver for pdfTeX
\Fld@listcount=\count147
\c@bookmark@seq@number=\count148

(/usr/share/texmf-dist/tex/latex/oberdiek/rerunfilecheck.sty
Package: rerunfilecheck 2016/05/16 v1.8 Rerun checks for auxiliary files (HO)
Package uniquecounter Info: New unique counter `rerunfilecheck' on input line 2
82.
)
\Hy@SectionHShift=\skip185
)
(/usr/share/texmf-dist/tex/latex/multirow/multirow.sty
Package: multirow 2016/11/25 v2.2 Span multiple rows of a table
\multirow@colwidth=\skip186
\multirow@cntb=\count149
\multirow@dima=\skip187
\bigstrutjot=\dimen153
) (./main.aux)
\openout1 = `main.aux'.

LaTeX Font Info:    Checking defaults for OML/cmm/m/it on input line 21.
LaTeX Font Info:    ... okay on input line 21.
LaTeX Font Info:    Checking defaults for T1/cmr/m/n on input line 21.
LaTeX Font Info:    ... okay on input line 21.
LaTeX Font Info:    Checking defaults for OT1/cmr/m/n on input line 21.
LaTeX Font Info:    ... okay on input line 21.
LaTeX Font Info:    Checking defaults for OMS/cmsy/m/n on input line 21.
LaTeX Font Info:    ... okay on input line 21.
LaTeX Font Info:    Checking defaults for OMX/cmex/m/n on input line 21.
LaTeX Font Info:    ... okay on input line 21.
LaTeX Font Info:    Checking defaults for U/cmr/m/n on input line 21.
LaTeX Font Info:    ... okay on input line 21.
LaTeX Font Info:    Checking defaults for PD1/pdf/m/n on input line 21.
LaTeX Font Info:    ... okay on input line 21.


******************************************************
Stock height and width: 794.96999pt by 614.295pt
Top and edge trims: 0pt and 0pt
Page height and width: 794.96999pt by 614.295pt
Text height and width: 650pt by 469pt
Spine and edge margins: 72.26999pt and 72.27002pt
Upper and lower margins: 72.26999pt and 72.7pt
Headheight and headsep: 36.135pt and 19.8738pt
Footskip: 36.135pt
Columnsep and columnseprule: 10pt and 0pt
Marginparsep and marginparwidth: 7pt and 58.27002pt
Sidecapsep and sidecapwidth: 7pt and 50pt
Sidebarhsep and sidebarwidth: 7pt and 50pt
Sidebarvsep and sidebartopsep: 14.5pt and 0pt
Sidebarheight: 546.64995pt
Sidefoothsep and sidefootwidth: 7pt and 50pt
Sidefootvsep and sidefootheight: 14.5pt and 546.64995pt
******************************************************

(/usr/share/texmf-dist/tex/context/base/mkii/supp-pdf.mkii
[Loading MPS to PDF converter (version 2006.09.02).]
\scratchcounter=\count150
\scratchdimen=\dimen154
\scratchbox=\box29
\nofMPsegments=\count151
\nofMParguments=\count152
\everyMPshowfont=\toks23
\MPscratchCnt=\count153
\MPscratchDim=\dimen155
\MPnumerator=\count154
\makeMPintoPDFobject=\count155
\everyMPtoPDFconversion=\toks24
) (/usr/share/texmf-dist/tex/latex/oberdiek/epstopdf-base.sty
Package: epstopdf-base 2016/05/15 v2.6 Base part for package epstopdf

(/usr/share/texmf-dist/tex/latex/oberdiek/grfext.sty
Package: grfext 2016/05/16 v1.2 Manage graphics extensions (HO)
)
Package epstopdf-base Info: Redefining graphics rule for `.eps' on input line 4
38.
Package grfext Info: Graphics extension search list:
(grfext)             [.pdf,.png,.jpg,.mps,.jpeg,.jbig2,.jb2,.PDF,.PNG,.JPG,.JPE
G,.JBIG2,.JB2,.eps]
(grfext)             \AppendGraphicsExtensions on input line 456.

(/usr/share/texmf-dist/tex/latex/latexconfig/epstopdf-sys.cfg
File: epstopdf-sys.cfg 2010/07/13 v1.3 Configuration of (r)epstopdf for TeX Liv
e
))
\AtBeginShipoutBox=\box30

(/usr/share/texmf-dist/tex/latex/graphics/color.sty
Package: color 2016/07/10 v1.1e Standard LaTeX Color (DPC)

(/usr/share/texmf-dist/tex/latex/graphics-cfg/color.cfg
File: color.cfg 2016/01/02 v1.6 sample color configuration
)
Package color Info: Driver file: pdftex.def on input line 147.
)
Package hyperref Info: Link coloring ON on input line 21.

(/usr/share/texmf-dist/tex/latex/hyperref/nameref.sty
Package: nameref 2016/05/21 v2.44 Cross-referencing by name of section

(/usr/share/texmf-dist/tex/generic/oberdiek/gettitlestring.sty
Package: gettitlestring 2016/05/16 v1.5 Cleanup title references (HO)
)
\c@section@level=\count156
)
Redoing nameref's sectioning
Redoing nameref's label
LaTeX Info: Redefining \nameref on input line 21.
LaTeX Info: Redefining \ref on input line 21.
LaTeX Info: Redefining \pageref on input line 21.
LaTeX Info: Redefining \nameref on input line 21.
(./main.out) (./main.out)
\@outlinefile=\write4
\openout4 = `main.out'.

 [1


{/var/lib/texmf/fonts/map/pdftex/updmap/pdftex.map}] [2


] [3] [4


] [5



] [6


] (./main.toc
LaTeX Font Info:    External font `cmex10' loaded for size
(Font)              <12> on input line 1.

Overfull \hbox (8.61693pt too wide) in paragraph at lines 18--18
 [][] [][][]\OT1/cmr/m/n/12 CHANGING EN-VI-RON-MENTS PRO-MOTE RAPID ADAP-TA-TIO
N 
 []

[7

]) [8] (./main.lot) [9

] (./main.lof [10

] [11]
Overfull \hbox (0.39163pt too wide) detected at line 11
\OT1/cmr/m/n/12 Figure 2.10:  
 []


Overfull \hbox (0.39163pt too wide) detected at line 12
\OT1/cmr/m/n/12 Figure 2.11:  
 []


Overfull \hbox (0.39163pt too wide) detected at line 13
\OT1/cmr/m/n/12 Figure 2.12:  
 []


Overfull \hbox (0.39163pt too wide) detected at line 14
\OT1/cmr/m/n/12 Figure 2.13:  
 []


Overfull \hbox (0.39163pt too wide) detected at line 15
\OT1/cmr/m/n/12 Figure 2.14:  
 []


Overfull \hbox (10.40627pt too wide) in paragraph at lines 16--16
 \OT1/cmr/m/n/12 take from the en-vi-ron-ment. When up-take oc-curs, there is a
n experimenter- 
 []

[12]) [13] [1


]
Missing character: There is no ‚ in font cmr12!
Missing character: There is no Ä in font cmr12!
Missing character: There is no ô in font cmr12!
 [2]
Missing character: There is no ‚ in font cmr12!
Missing character: There is no Ä in font cmr12!
Missing character: There is no ú in font cmr12!
Missing character: There is no ‚ in font cmr12!
Missing character: There is no Ä in font cmr12!
Missing character: There is no ù in font cmr12!
Missing character: There is no ‚ in font cmr12!
Missing character: There is no Ä in font cmr12!
Missing character: There is no ô in font cmr12!
Missing character: There is no ‚ in font cmr12!
Missing character: There is no Ä in font cmr12!
Missing character: There is no ô in font cmr12!
 [3]
Missing character: There is no ‚ in font cmr12!
Missing character: There is no Ä in font cmr12!
Missing character: There is no ô in font cmr12!
Missing character: There is no ‚ in font cmr12!
Missing character: There is no Ä in font cmr12!
Missing character: There is no ô in font cmr12!
Missing character: There is no ‚ in font cmr12!
Missing character: There is no Ä in font cmr12!
Missing character: There is no ô in font cmr12!
 [4]
Missing character: There is no ‚ in font cmr12!
Missing character: There is no Ä in font cmr12!
Missing character: There is no ú in font cmr12!
Missing character: There is no ‚ in font cmr12!
Missing character: There is no Ä in font cmr12!
Missing character: There is no ù in font cmr12!
Missing character: There is no ‚ in font cmr12!
Missing character: There is no Ä in font cmr12!
Missing character: There is no ú in font cmr12!
Missing character: There is no ‚ in font cmr12!
Missing character: There is no Ä in font cmr12!
Missing character: There is no ù in font cmr12!
 [5]
Missing character: There is no ‚ in font cmr12!
Missing character: There is no Ä in font cmr12!
Missing character: There is no ô in font cmr12!
Missing character: There is no ‚ in font cmr12!
Missing character: There is no Ä in font cmr12!
Missing character: There is no ú in font cmr12!
Missing character: There is no ‚ in font cmr12!
Missing character: There is no Ä in font cmr12!
Missing character: There is no ù in font cmr12!
Missing character: There is no ‚ in font cmr12!
Missing character: There is no Ä in font cmr12!
Missing character: There is no ú in font cmr12!
Missing character: There is no ‚ in font cmr12!
Missing character: There is no Ä in font cmr12!
Missing character: There is no ù in font cmr12!
 [6]
Missing character: There is no ‚ in font cmr12!
Missing character: There is no Ä in font cmr12!
Missing character: There is no ô in font cmr12!
 [7] [8] [9] [10] [11] [12]
Overfull \hbox (0.223pt too wide) in paragraph at lines 281--282
[]\OT1/cmr/m/n/12 Historically, pre-dict-ing this robust-yet-evolvable qual-ity
 has been chal-leng-ing. Previously-
 []

[13] [14] [15] [16]
<figures/methods/squishedCPU_extra.png, id=716, 327.2225pt x 355.3275pt>
File: figures/methods/squishedCPU_extra.png Graphic file (type png)
<use figures/methods/squishedCPU_extra.png>
Package pdftex.def Info: figures/methods/squishedCPU_extra.png  used on input l
ine 464. on input line 464.
Package pdftex.def Info: Requested size: 234.87749pt x 255.04942pt on input lin
e 464.
 [17 <./figures/methods/squishedCPU_extra.png>]
Overfull \hbox (2.2774pt too wide) in paragraph at lines 481--484
\OT1/cmr/m/n/12 may be found at [][]$\OT1/cmtt/m/n/12 https : / / github . com 
/ voidptr / avida$[][] \OT1/cmr/m/n/12 and [][]$\OT1/cmtt/m/n/12 https : / / gi
thub . com / voidptr /
 []

[18]
Missing character: There is no ‚ in font cmr12!
Missing character: There is no Ä in font cmr12!
Missing character: There is no ú in font cmr12!
Missing character: There is no ‚ in font cmr12!
Missing character: There is no Ä in font cmr12!
Missing character: There is no ù in font cmr12!
 [19

] [20] [21] [22] [23]

LaTeX Warning: No positions in optional float specifier.
               Default added (so using `tbp') on input line 593.

LaTeX Font Info:    Try loading font information for OMS+cmr on input line 610.

(/usr/share/texmf-dist/tex/latex/base/omscmr.fd
File: omscmr.fd 2014/09/29 v2.5h Standard LaTeX font definitions
)
LaTeX Font Info:    Font shape `OMS/cmr/m/n' in size <12> not available
(Font)              Font shape `OMS/cmsy/m/n' tried instead on input line 610.
 [24] [25] [26]
<figures/CE/control__phylodepth_with_coalescense.png, id=834, 392.4261pt x 194.
4063pt>
File: figures/CE/control__phylodepth_with_coalescense.png Graphic file (type pn
g)
<use figures/CE/control__phylodepth_with_coalescense.png>
Package pdftex.def Info: figures/CE/control__phylodepth_with_coalescense.png  u
sed on input line 656. on input line 656.
Package pdftex.def Info: Requested size: 352.31624pt x 166.91322pt on input lin
e 656.
<figures/CE/benign__phylodepth_with_coalescense.png, id=836, 422.5386pt x 161.6
439pt>
File: figures/CE/benign__phylodepth_with_coalescense.png Graphic file (type png
)
<use figures/CE/benign__phylodepth_with_coalescense.png>
Package pdftex.def Info: figures/CE/benign__phylodepth_with_coalescense.png  us
ed on input line 657. on input line 657.
Package pdftex.def Info: Requested size: 352.31624pt x 138.99625pt on input lin
e 657.
<figures/CE/harsh__phylodepth_with_coalescense.png, id=838, 400.1349pt x 236.08
2pt>
File: figures/CE/harsh__phylodepth_with_coalescense.png Graphic file (type png)

<use figures/CE/harsh__phylodepth_with_coalescense.png>
Package pdftex.def Info: figures/CE/harsh__phylodepth_with_coalescense.png  use
d on input line 658. on input line 658.
Package pdftex.def Info: Requested size: 352.31624pt x 202.40334pt on input lin
e 658.

Underfull \hbox (badness 10000) in paragraph at lines 656--660
[][]
 []


Underfull \hbox (badness 10000) in paragraph at lines 656--660
[]
 []


LaTeX Warning: Float too large for page by 7.64612pt on input line 661.


LaTeX Warning: `!h' float specifier changed to `!ht'.

<figures/CE/control__entropy.png, id=841, 344.7279pt x 252.2223pt>
File: figures/CE/control__entropy.png Graphic file (type png)
<use figures/CE/control__entropy.png>
Package pdftex.def Info: figures/CE/control__entropy.png  used on input line 67
7. on input line 677.
Package pdftex.def Info: Requested size: 234.87749pt x 158.18236pt on input lin
e 677.
<figures/CE/benign__entropy.png, id=843, 374.5995pt x 219.4599pt>
File: figures/CE/benign__entropy.png Graphic file (type png)
<use figures/CE/benign__entropy.png>
Package pdftex.def Info: figures/CE/benign__entropy.png  used on input line 679
. on input line 679.
Package pdftex.def Info: Requested size: 234.87749pt x 141.36469pt on input lin
e 679.
<figures/CE/harsh__entropy.png, id=845, 344.7279pt x 236.082pt>
File: figures/CE/harsh__entropy.png Graphic file (type png)
<use figures/CE/harsh__entropy.png>
Package pdftex.def Info: figures/CE/harsh__entropy.png  used on input line 680.
 on input line 680.
Package pdftex.def Info: Requested size: 469.75499pt x 302.9548pt on input line
 680.

Overfull \hbox (2.61107pt too wide) in paragraph at lines 677--682
[][] []
 []


LaTeX Warning: `!h' float specifier changed to `!ht'.

<figures/CE/control__whole_taskmap.png, id=848, 414.8298pt x 179.9523pt>
File: figures/CE/control__whole_taskmap.png Graphic file (type png)
<use figures/CE/control__whole_taskmap.png>
Package pdftex.def Info: figures/CE/control__whole_taskmap.png  used on input l
ine 696. on input line 696.
Package pdftex.def Info: Requested size: 264.23717pt x 162.14703pt on input lin
e 696.
<figures/CE/legend__whole_taskmap.png, id=850, 414.8298pt x 179.7114pt>
File: figures/CE/legend__whole_taskmap.png Graphic file (type png)
<use figures/CE/legend__whole_taskmap.png>
Package pdftex.def Info: figures/CE/legend__whole_taskmap.png  used on input li
ne 696. on input line 696.
Package pdftex.def Info: Requested size: 88.07906pt x 129.94942pt on input line
 696.
<figures/CE/benign__whole_taskmap.png, id=852, 444.7014pt x 147.1899pt>
File: figures/CE/benign__whole_taskmap.png Graphic file (type png)
<use figures/CE/benign__whole_taskmap.png>
Package pdftex.def Info: figures/CE/benign__whole_taskmap.png  used on input li
ne 697. on input line 697.
Package pdftex.def Info: Requested size: 352.31624pt x 138.81668pt on input lin
e 697.
<figures/CE/harsh__whole_taskmap.png, id=854, 480.1137pt x 177.0615pt>
File: figures/CE/harsh__whole_taskmap.png Graphic file (type png)
<use figures/CE/harsh__whole_taskmap.png>
Package pdftex.def Info: figures/CE/harsh__whole_taskmap.png  used on input lin
e 698. on input line 698.
Package pdftex.def Info: Requested size: 352.31624pt x 175.48862pt on input lin
e 698.

Underfull \hbox (badness 10000) in paragraph at lines 696--700
[][][]
 []


Underfull \hbox (badness 10000) in paragraph at lines 696--700
[]
 []


LaTeX Warning: `!h' float specifier changed to `!ht'.

[27]
<figures/CE/CCE_func_vest__box.png, id=862, 513.8397pt x 345.4506pt>
File: figures/CE/CCE_func_vest__box.png Graphic file (type png)
<use figures/CE/CCE_func_vest__box.png>
Package pdftex.def Info: figures/CE/CCE_func_vest__box.png  used on input line 
712. on input line 712.
Package pdftex.def Info: Requested size: 352.31624pt x 236.86943pt on input lin
e 712.


LaTeX Warning: `!h' float specifier changed to `!ht'.

<figures/CE/CCE_frac_1step__box.png, id=866, 532.6299pt x 339.669pt>
File: figures/CE/CCE_frac_1step__box.png Graphic file (type png)
<use figures/CE/CCE_frac_1step__box.png>
Package pdftex.def Info: figures/CE/CCE_frac_1step__box.png  used on input line
 729. on input line 729.
Package pdftex.def Info: Requested size: 352.31624pt x 223.30072pt on input lin
e 729.

LaTeX Warning: `!h' float specifier changed to `!ht'.

<figures/CE/CCE_frac_2step__box.png, id=868, 521.0667pt x 339.669pt>
File: figures/CE/CCE_frac_2step__box.png Graphic file (type png)
<use figures/CE/CCE_frac_2step__box.png>
Package pdftex.def Info: figures/CE/CCE_frac_2step__box.png  used on input line
 738. on input line 738.
Package pdftex.def Info: Requested size: 352.31624pt x 232.48303pt on input lin
e 738.

LaTeX Warning: `!h' float specifier changed to `!ht'.

<figures/CE/CCE_D_g_D_p__box.png, id=871, 513.8397pt x 339.669pt>
File: figures/CE/CCE_D_g_D_p__box.png Graphic file (type png)
<use figures/CE/CCE_D_g_D_p__box.png>
Package pdftex.def Info: figures/CE/CCE_D_g_D_p__box.png  used on input line 75
7. on input line 757.
Package pdftex.def Info: Requested size: 352.31624pt x 235.8575pt on input line
 757.

LaTeX Warning: `!h' float specifier changed to `!ht'.

[28]
<figures/CE/CSE_D_g_D_p__box.png, id=878, 513.8397pt x 339.669pt>
File: figures/CE/CSE_D_g_D_p__box.png Graphic file (type png)
<use figures/CE/CSE_D_g_D_p__box.png>
Package pdftex.def Info: figures/CE/CSE_D_g_D_p__box.png  used on input line 77
6. on input line 776.
Package pdftex.def Info: Requested size: 352.31624pt x 235.8575pt on input line
 776.


LaTeX Warning: `!h' float specifier changed to `!ht'.

<figures/CE/CSE_frac_1step__filtered__box.png, id=882, 505.89pt x 358.33875pt>
File: figures/CE/CSE_frac_1step__filtered__box.png Graphic file (type png)
<use figures/CE/CSE_frac_1step__filtered__box.png>
Package pdftex.def Info: figures/CE/CSE_frac_1step__filtered__box.png  used on 
input line 788. on input line 788.
Package pdftex.def Info: Requested size: 352.31624pt x 248.39108pt on input lin
e 788.

LaTeX Warning: `!h' float specifier changed to `!ht'.

<figures/CE/CSE_frac_2step__box.png, id=884, 521.0667pt x 339.669pt>
File: figures/CE/CSE_frac_2step__box.png Graphic file (type png)
<use figures/CE/CSE_frac_2step__box.png>
Package pdftex.def Info: figures/CE/CSE_frac_2step__box.png  used on input line
 793. on input line 793.
Package pdftex.def Info: Requested size: 352.31624pt x 232.48303pt on input lin
e 793.

LaTeX Warning: `!h' float specifier changed to `!ht'.

<figures/CE/CSE_func_vest__filtered__box.png, id=889, 513.92pt x 347.2975pt>
File: figures/CE/CSE_func_vest__filtered__box.png Graphic file (type png)
<use figures/CE/CSE_func_vest__filtered__box.png>
Package pdftex.def Info: figures/CE/CSE_func_vest__filtered__box.png  used on i
nput line 805. on input line 805.
Package pdftex.def Info: Requested size: 352.31624pt x 238.09343pt on input lin
e 805.

LaTeX Warning: `!h' float specifier changed to `!ht'.

[29]
<figures/CE/901_overall_task_discovery.png, id=897, 764.8575pt x 536.0025pt>
File: figures/CE/901_overall_task_discovery.png Graphic file (type png)
<use figures/CE/901_overall_task_discovery.png>
Package pdftex.def Info: figures/CE/901_overall_task_discovery.png  used on inp
ut line 824. on input line 824.
Package pdftex.def Info: Requested size: 352.31624pt x 246.89946pt on input lin
e 824.


LaTeX Warning: `!h' float specifier changed to `!ht'.

[30]
<figures/CE/901_postreward_all_task_discovery.png, id=907, 764.8575pt x 536.002
5pt>
File: figures/CE/901_postreward_all_task_discovery.png Graphic file (type png)
<use figures/CE/901_postreward_all_task_discovery.png>
Package pdftex.def Info: figures/CE/901_postreward_all_task_discovery.png  used
 on input line 837. on input line 837.
Package pdftex.def Info: Requested size: 352.31624pt x 246.89946pt on input lin
e 837.


LaTeX Warning: `!h' float specifier changed to `!ht'.

<figures/CE/901_postreward_composites_task_discovery.png, id=910, 1437.37pt x 1
044.90375pt>
File: figures/CE/901_postreward_composites_task_discovery.png Graphic file (typ
e png)
<use figures/CE/901_postreward_composites_task_discovery.png>
Package pdftex.def Info: figures/CE/901_postreward_composites_task_discovery.pn
g  used on input line 852. on input line 852.
Package pdftex.def Info: Requested size: 469.75499pt x 341.48701pt on input lin
e 852.

LaTeX Warning: `!h' float specifier changed to `!ht'.

[31] [32] [33] [34 <./figures/CE/control__phylodepth_with_coalescense.png> <./f
igures/CE/benign__phylodepth_with_coalescense.png> <./figures/CE/harsh__phylode
pth_with_coalescense.png>] [35 <./figures/CE/control__entropy.png> <./figures/C
E/benign__entropy.png> <./figures/CE/harsh__entropy.png>] [36 <./figures/CE/con
trol__whole_taskmap.png> <./figures/CE/legend__whole_taskmap.png> <./figures/CE
/benign__whole_taskmap.png> <./figures/CE/harsh__whole_taskmap.png>] [37 <./fig
ures/CE/CCE_func_vest__box.png> <./figures/CE/CCE_frac_1step__box.png>]
[38 <./figures/CE/CCE_frac_2step__box.png>] [39 <./figures/CE/CCE_D_g_D_p__box.
png>] [40 <./figures/CE/CSE_D_g_D_p__box.png>] [41 <./figures/CE/CSE_frac_1step
__filtered__box.png>] [42 <./figures/CE/CSE_frac_2step__box.png>] [43 <./figure
s/CE/CSE_func_vest__filtered__box.png> <./figures/CE/901_overall_task_discovery
.png>] [44 <./figures/CE/901_postreward_all_task_discovery.png>] [45 <./figures
/CE/901_postreward_composites_task_discovery.png>] [46

]

Package hyperref Warning: Difference (3) between bookmark levels is greater 
(hyperref)                than one, level fixed on input line 901.

Missing character: There is no ‚ in font cmr12!
Missing character: There is no Ä in font cmr12!
Missing character: There is no ú in font cmr12!
Missing character: There is no ‚ in font cmr12!
Missing character: There is no Ä in font cmr12!
Missing character: There is no ù in font cmr12!
[47

]
<figures/HGT/Figure.png, id=1043, 623.32875pt x 656.4525pt>
File: figures/HGT/Figure.png Graphic file (type png)
<use figures/HGT/Figure.png>
Package pdftex.def Info: figures/HGT/Figure.png  used on input line 912. on inp
ut line 912.
Package pdftex.def Info: Requested size: 328.82706pt x 346.30548pt on input lin
e 912.


LaTeX Warning: `!h' float specifier changed to `!ht'.

[48]
<figures/HGT/hgt_inst_execution.png, id=1050, 641.7576pt x 523.9575pt>
File: figures/HGT/hgt_inst_execution.png Graphic file (type png)
<use figures/HGT/hgt_inst_execution.png>
Package pdftex.def Info: figures/HGT/hgt_inst_execution.png  used on input line
 937. on input line 937.
Package pdftex.def Info: Requested size: 328.82706pt x 268.46999pt on input lin
e 937.


LaTeX Warning: `!h' float specifier changed to `!ht'.

[49 <./figures/HGT/Figure.png>]
<figures/HGT/mutagen_execution.png, id=1055, 865.7946pt x 574.5465pt>
File: figures/HGT/mutagen_execution.png Graphic file (type png)
<use figures/HGT/mutagen_execution.png>
Package pdftex.def Info: figures/HGT/mutagen_execution.png  used on input line 
956. on input line 956.
Package pdftex.def Info: Requested size: 328.82706pt x 218.2072pt on input line
 956.


LaTeX Warning: `!h' float specifier changed to `!ht'.

<figures/HGT/mutagen_use_vs_fitness_effect.png, id=1056, 1840.7169pt x 674.2791
pt>
File: figures/HGT/mutagen_use_vs_fitness_effect.png Graphic file (type png)
<use figures/HGT/mutagen_use_vs_fitness_effect.png>
Package pdftex.def Info: figures/HGT/mutagen_use_vs_fitness_effect.png  used on
 input line 973. on input line 973.
Package pdftex.def Info: Requested size: 328.82706pt x 120.44931pt on input lin
e 973.

LaTeX Warning: `!h' float specifier changed to `!ht'.

[50 <./figures/HGT/hgt_inst_execution.png>]
<figures/HGT/mutagen_use_vs_fraction_beneficial.png, id=1062, 1542.2418pt x 450
.2421pt>
File: figures/HGT/mutagen_use_vs_fraction_beneficial.png Graphic file (type png
)
<use figures/HGT/mutagen_use_vs_fraction_beneficial.png>
Package pdftex.def Info: figures/HGT/mutagen_use_vs_fraction_beneficial.png  us
ed on input line 991. on input line 991.
Package pdftex.def Info: Requested size: 328.82706pt x 95.99635pt on input line
 991.


LaTeX Warning: `!h' float specifier changed to `!ht'.

<figures/HGT/fitness_effect_by_cycle_phase_source.png, id=1063, 513.92pt x 255.
95625pt>
File: figures/HGT/fitness_effect_by_cycle_phase_source.png Graphic file (type p
ng)
<use figures/HGT/fitness_effect_by_cycle_phase_source.png>
Package pdftex.def Info: figures/HGT/fitness_effect_by_cycle_phase_source.png  
used on input line 1006. on input line 1006.
Package pdftex.def Info: Requested size: 328.82706pt x 163.77237pt on input lin
e 1006.
[51 <./figures/HGT/mutagen_execution.png> <./figures/HGT/mutagen_use_vs_fitness
_effect.png>]
<figures/HGT/beneficial_fraction_by_cycle_phase_source.png, id=1070, 513.92pt x
 257.96375pt>
File: figures/HGT/beneficial_fraction_by_cycle_phase_source.png Graphic file (t
ype png)
<use figures/HGT/beneficial_fraction_by_cycle_phase_source.png>
Package pdftex.def Info: figures/HGT/beneficial_fraction_by_cycle_phase_source.
png  used on input line 1014. on input line 1014.
Package pdftex.def Info: Requested size: 328.82706pt x 165.05685pt on input lin
e 1014.


LaTeX Warning: `!h' float specifier changed to `!ht'.

[52 <./figures/HGT/mutagen_use_vs_fraction_beneficial.png> <./figures/HGT/fitne
ss_effect_by_cycle_phase_source.png>] [53 <./figures/HGT/beneficial_fraction_by
_cycle_phase_source.png>] [54

] [55

] [56

] [57

] [58


] (./main.bbl
bibitemlist
[59

]
Missing character: There is no √ in font cmr12!
Missing character: There is no © in font cmr12!
Missing character: There is no √ in font cmr12!
Missing character: There is no º in font cmr12!
Missing character: There is no ‚ in font cmr12!
Missing character: There is no Ä in font cmr12!
Missing character: There is no ì in font cmr12!
Missing character: There is no ‚ in font cmr12!
Missing character: There is no Ä in font cmr12!
Missing character: There is no ì in font cmr12!
Missing character: There is no √ in font cmr12!
Missing character: There is no º in font cmr12!
Missing character: There is no √ in font cmr12!
Missing character: There is no º in font cmr12!
Missing character: There is no √ in font cmr12!
Missing character: There is no º in font cmr12!
 [60]
Missing character: There is no √ in font cmr12!
Missing character: There is no ∂ in font cmr12!
Missing character: There is no ‚ in font cmr12!
Missing character: There is no Ä in font cmr12!
Missing character: There is no ì in font cmr12!
 [61] [62]
Missing character: There is no √ in font cmr12!
Missing character: There is no © in font cmr12!
Missing character: There is no √ in font cmr12!
Missing character: There is no ≠ in font cmr12!
) [63]
\tf@toc=\write5
\openout5 = `main.toc'.

\tf@lot=\write6
\openout6 = `main.lot'.

\tf@lof=\write7
\openout7 = `main.lof'.

Package atveryend Info: Empty hook `BeforeClearDocument' on input line 1056.
Package atveryend Info: Empty hook `AfterLastShipout' on input line 1056.
 (./main.aux)
Package atveryend Info: Executing hook `AtVeryEndDocument' on input line 1056.
Package atveryend Info: Executing hook `AtEndAfterFileList' on input line 1056.

Package rerunfilecheck Info: File `main.out' has not changed.
(rerunfilecheck)             Checksum: 52C57810A67518F94598B721E548FA4A;4830.
Package atveryend Info: Empty hook `AtVeryVeryEnd' on input line 1056.
 ) 
Here is how much of TeX's memory you used:
 9109 strings out of 492990
 135278 string characters out of 6138688
 310190 words of memory out of 5000000
 12330 multiletter control sequences out of 15000+600000
 6281 words of font info for 23 fonts, out of 8000000 for 9000
 1141 hyphenation exceptions out of 8191
 31i,16n,29p,1870b,455s stack positions out of 5000i,500n,10000p,200000b,80000s
</usr/share/texmf-dist/fonts/type1/public/amsfonts/cm/cmbx12.pfb></usr/share/
texmf-dist/fonts/type1/public/amsfonts/cm/cmex10.pfb></usr/share/texmf-dist/fon
ts/type1/public/amsfonts/cm/cmmi10.pfb></usr/share/texmf-dist/fonts/type1/publi
c/amsfonts/cm/cmmi12.pfb></usr/share/texmf-dist/fonts/type1/public/amsfonts/cm/
cmr10.pfb></usr/share/texmf-dist/fonts/type1/public/amsfonts/cm/cmr12.pfb></usr
/share/texmf-dist/fonts/type1/public/amsfonts/cm/cmsy10.pfb></usr/share/texmf-d
ist/fonts/type1/public/amsfonts/cm/cmti12.pfb></usr/share/texmf-dist/fonts/type
1/public/amsfonts/cm/cmtt12.pfb>
Output written on main.pdf (76 pages, 3248071 bytes).
PDF statistics:
 1216 PDF objects out of 1440 (max. 8388607)
 1041 compressed objects within 11 object streams
 257 named destinations out of 1000 (max. 500000)
 736 words of extra memory for PDF output out of 10000 (max. 10000000)

