\BOOKMARK [0][-]{section*.3}{List of Tables}{}% 1
\BOOKMARK [0][-]{section*.4}{List of Figures}{}% 2
\BOOKMARK [0][-]{chapter.1}{Introduction - Change, Adaptation and the Evolution of Evolvability}{}% 3
\BOOKMARK [1][-]{section.1.1}{Evolvability and Evolutionary Potential - Why Study It}{chapter.1}% 4
\BOOKMARK [1][-]{section.1.2}{What is Evolvability \(and why is it so hard to pin down\)}{chapter.1}% 5
\BOOKMARK [1][-]{section.1.3}{Historical Conceptions of Evolvability}{chapter.1}% 6
\BOOKMARK [2][-]{subsection.1.3.1}{Modern Synthesis}{section.1.3}% 7
\BOOKMARK [2][-]{subsection.1.3.2}{Evolvability as a Distinct Concept}{section.1.3}% 8
\BOOKMARK [2][-]{subsection.1.3.3}{Theoretical Frameworks for the Evolution of Evolvability}{section.1.3}% 9
\BOOKMARK [1][-]{section.1.4}{So, what do I mean by Evolvability?}{chapter.1}% 10
\BOOKMARK [2][-]{subsection.1.4.1}{What is Modularity?}{section.1.4}% 11
\BOOKMARK [3][-]{subsubsection.1.4.1.1}{Measuring Modularity}{subsection.1.4.1}% 12
\BOOKMARK [2][-]{subsection.1.4.2}{What is Robustness?}{section.1.4}% 13
\BOOKMARK [3][-]{subsubsection.1.4.2.1}{Measuring Robustness to Mutation}{subsection.1.4.2}% 14
\BOOKMARK [2][-]{subsection.1.4.3}{Predicting Short-Term Evolvability with Landscape Metrics}{section.1.4}% 15
\BOOKMARK [1][-]{section.1.5}{Digital Evolution}{chapter.1}% 16
\BOOKMARK [2][-]{subsection.1.5.1}{Avida}{section.1.5}% 17
\BOOKMARK [0][-]{chapter.2}{Changing environments promote rapid adaptation in digital organisms}{}% 18
\BOOKMARK [1][-]{section.2.1}{Background}{chapter.2}% 19
\BOOKMARK [2][-]{subsection.2.1.1}{Evolvability and Genetic Architecture}{section.2.1}% 20
\BOOKMARK [3][-]{subsubsection.2.1.1.1}{Mutational Landscapes}{subsection.2.1.1}% 21
\BOOKMARK [2][-]{subsection.2.1.2}{Changing environments create more paths to different kinds of phenotypes}{section.2.1}% 22
\BOOKMARK [1][-]{section.2.2}{Methods}{chapter.2}% 23
\BOOKMARK [2][-]{subsection.2.2.1}{Experimental Design}{section.2.2}% 24
\BOOKMARK [3][-]{subsubsection.2.2.1.1}{Cyclic and Stochastic Changing Environments}{subsection.2.2.1}% 25
\BOOKMARK [1][-]{section.2.3}{Results and Discussion}{chapter.2}% 26
\BOOKMARK [2][-]{subsection.2.3.1}{Cyclic Changing Environments}{section.2.3}% 27
\BOOKMARK [3][-]{subsubsection.2.3.1.1}{Evolutionary History and Population Structure}{subsection.2.3.1}% 28
\BOOKMARK [3][-]{subsubsection.2.3.1.2}{Genetic Architecture}{subsection.2.3.1}% 29
\BOOKMARK [3][-]{subsubsection.2.3.1.3}{Nearby mutational landscape}{subsection.2.3.1}% 30
\BOOKMARK [2][-]{subsection.2.3.2}{Stochastic Changing Environments}{section.2.3}% 31
\BOOKMARK [2][-]{subsection.2.3.3}{Long-Term Evolvability in Cyclic Changing Environments}{section.2.3}% 32
\BOOKMARK [1][-]{section.2.4}{Conclusion}{chapter.2}% 33
\BOOKMARK [2][-]{subsection.2.4.1}{Limitations of Cyclic Changing Environments}{section.2.4}% 34
\BOOKMARK [0][-]{chapter.3}{Changing Environments and Long Term Evolvability}{}% 35
\BOOKMARK [1][-]{section.3.1}{Background}{chapter.3}% 36
\BOOKMARK [1][-]{section.3.2}{Methods}{chapter.3}% 37
\BOOKMARK [1][-]{section.3.3}{Results and Discussion}{chapter.3}% 38
\BOOKMARK [0][-]{chapter.4}{Alternatives to the Grazing Hypothesis: Changing Environments Promote the Evolution of Horizontal Gene Transfer}{}% 39
\BOOKMARK [1][-]{subsubsection.4.0.0.1}{Origins of HGT in nature}{chapter.4}% 40
\BOOKMARK [2][-]{subsection.4.0.1}{Methods}{subsubsection.4.0.0.1}% 41
\BOOKMARK [2][-]{subsection.4.0.2}{Results and Discussion}{subsubsection.4.0.0.1}% 42
\BOOKMARK [3][-]{subsubsection.4.0.2.1}{Changing environments elevate HGT use}{subsection.4.0.2}% 43
\BOOKMARK [3][-]{subsubsection.4.0.2.2}{Other mutation types are not elevated in response to HGT}{subsection.4.0.2}% 44
\BOOKMARK [3][-]{subsubsection.4.0.2.3}{Mutation fitness effect correlate with mutagen use}{subsection.4.0.2}% 45
\BOOKMARK [3][-]{subsubsection.4.0.2.4}{HGT mutations increase evolved probability of beneficial phenotype switching}{subsection.4.0.2}% 46
\BOOKMARK [3][-]{subsubsection.4.0.2.5}{HGT derives most benefit from on-cycle fragments, but not all}{subsection.4.0.2}% 47
\BOOKMARK [2][-]{subsection.4.0.3}{Discussion}{subsubsection.4.0.0.1}% 48
\BOOKMARK [0][-]{chapter.5}{Horizontal Gene Transfer Promotes Long Term Evolution}{}% 49
\BOOKMARK [1][-]{section.5.1}{Background}{chapter.5}% 50
\BOOKMARK [1][-]{section.5.2}{Methods}{chapter.5}% 51
\BOOKMARK [1][-]{section.5.3}{Results and Discussion}{chapter.5}% 52
\BOOKMARK [0][-]{chapter.6}{Horizontal Gene Transfer As Most Preferred Mutation}{}% 53
\BOOKMARK [1][-]{section.6.1}{Background}{chapter.6}% 54
\BOOKMARK [1][-]{section.6.2}{Methods}{chapter.6}% 55
\BOOKMARK [1][-]{section.6.3}{Results and Discussion}{chapter.6}% 56
\BOOKMARK [0][-]{section*.6}{Appendix}{}% 57
\BOOKMARK [0][-]{section*.7}{Bibliography}{}% 58
